<?xml version="1.0" encoding="UTF-8"?>
<!-- Generated by org.testng.reporters.JUnitReportReporter -->
<testsuite hostname="DESKTOP-HRL9BMM" failures="0" tests="3" name="ProTrainingTech.Trainingsessioforselenium.NewTest" time="0.027" errors="0" timestamp="2024-04-13T20:45:16 EDT" skipped="0">
  <testcase classname="ProTrainingTech.Trainingsessioforselenium.NewTest" name="f" time="0.015"/>
  <testcase classname="ProTrainingTech.Trainingsessioforselenium.NewTest" name="testsecond" time="0.006"/>
  <testcase classname="ProTrainingTech.Trainingsessioforselenium.NewTest" name="testthird" time="0.006"/>
</testsuite> <!-- ProTrainingTech.Trainingsessioforselenium.NewTest -->
